2023-05-23 15:28:44,458 [1] INFO  Photon.NameServer.PhotonApp - Initializing ...
2023-05-23 15:28:44,465 [1] INFO  Photon.NameServer.PhotonApp - ServicePointManager.DefaultConnectionLimit=2147483647
2023-05-23 15:28:44,471 [1] INFO  Photon.NameServer.PhotonApp - TokenCreator initialized with an expiration of 00:30:00
2023-05-23 15:28:44,811 [1] INFO  Photon.Common.Authentication.Diagnostic.CustomAuthResultCounters - Performance counters successfully initialized: instanceName=LoadBalancing_Custom
2023-05-23 15:28:44,926 [1] INFO  Photon.SocketServer.Diagnostics.HttpQueuePerformanceCounters - Performance counters successfully initialized: instanceName=_Total
2023-05-23 15:28:45,032 [1] INFO  Photon.SocketServer.Diagnostics.HttpQueuePerformanceCounters - Performance counters successfully initialized: instanceName=LoadBalancing_Custom
2023-05-23 15:28:45,139 [1] INFO  Photon.Common.Authentication.Diagnostic.CustomAuthResultCounters - Performance counters successfully initialized: instanceName=LoadBalancing_Facebook
2023-05-23 15:28:45,242 [1] INFO  Photon.SocketServer.Diagnostics.HttpQueuePerformanceCounters - Performance counters successfully initialized: instanceName=LoadBalancing_Facebook
2023-05-23 15:28:45,348 [1] INFO  Photon.Common.Authentication.Diagnostic.CustomAuthResultCounters - Performance counters successfully initialized: instanceName=LoadBalancing_Oculus
2023-05-23 15:28:45,453 [1] INFO  Photon.SocketServer.Diagnostics.HttpQueuePerformanceCounters - Performance counters successfully initialized: instanceName=LoadBalancing_Oculus
2023-05-23 15:28:45,560 [1] INFO  Photon.Common.Authentication.Diagnostic.CustomAuthResultCounters - Performance counters successfully initialized: instanceName=LoadBalancing_Steam
2023-05-23 15:28:45,665 [1] INFO  Photon.SocketServer.Diagnostics.HttpQueuePerformanceCounters - Performance counters successfully initialized: instanceName=LoadBalancing_Steam
2023-05-23 15:28:45,770 [1] INFO  Photon.Common.Authentication.Diagnostic.CustomAuthResultCounters - Performance counters successfully initialized: instanceName=LoadBalancing_Viveport
2023-05-23 15:28:45,876 [1] INFO  Photon.SocketServer.Diagnostics.HttpQueuePerformanceCounters - Performance counters successfully initialized: instanceName=LoadBalancing_Viveport
2023-05-23 15:28:45,982 [1] INFO  Photon.SocketServer.ApplicationBase - Application start: AppId=NameServer; AppPath=C:\Users\PC\Downloads\photon-server-sdk_v5-0-12-24499-rc1\deploy\NameServer, Type=Photon.NameServer.PhotonApp 
2023-05-23 15:28:45,982 [1] INFO  Photon.SocketServer.ApplicationBase - Using Server GC:True
2023-05-23 15:28:45,982 [1] INFO  Photon.SocketServer.ApplicationBase - Using GC LatencyMode:Interactive
2023-05-23 15:39:03,393 [1] INFO  Photon.SocketServer.ApplicationBase - Application is stopping: AppId=NameServer
2023-05-23 15:39:03,393 [1] INFO  Photon.SocketServer.ApplicationBase - Application stop: AppId=NameServer
2023-05-23 15:49:48,019 [1] INFO  Photon.NameServer.PhotonApp - Initializing ...
2023-05-23 15:49:48,026 [1] INFO  Photon.NameServer.PhotonApp - ServicePointManager.DefaultConnectionLimit=2147483647
2023-05-23 15:49:48,032 [1] INFO  Photon.NameServer.PhotonApp - TokenCreator initialized with an expiration of 00:30:00
2023-05-23 15:49:48,358 [1] INFO  Photon.Common.Authentication.Diagnostic.CustomAuthResultCounters - Performance counters successfully initialized: instanceName=LoadBalancing_Custom
2023-05-23 15:49:48,474 [1] INFO  Photon.SocketServer.Diagnostics.HttpQueuePerformanceCounters - Performance counters successfully initialized: instanceName=_Total
2023-05-23 15:49:48,580 [1] INFO  Photon.SocketServer.Diagnostics.HttpQueuePerformanceCounters - Performance counters successfully initialized: instanceName=LoadBalancing_Custom
2023-05-23 15:49:48,687 [1] INFO  Photon.Common.Authentication.Diagnostic.CustomAuthResultCounters - Performance counters successfully initialized: instanceName=LoadBalancing_Facebook
2023-05-23 15:49:48,793 [1] INFO  Photon.SocketServer.Diagnostics.HttpQueuePerformanceCounters - Performance counters successfully initialized: instanceName=LoadBalancing_Facebook
2023-05-23 15:49:48,899 [1] INFO  Photon.Common.Authentication.Diagnostic.CustomAuthResultCounters - Performance counters successfully initialized: instanceName=LoadBalancing_Oculus
2023-05-23 15:49:49,006 [1] INFO  Photon.SocketServer.Diagnostics.HttpQueuePerformanceCounters - Performance counters successfully initialized: instanceName=LoadBalancing_Oculus
2023-05-23 15:49:49,111 [1] INFO  Photon.Common.Authentication.Diagnostic.CustomAuthResultCounters - Performance counters successfully initialized: instanceName=LoadBalancing_Steam
2023-05-23 15:49:49,217 [1] INFO  Photon.SocketServer.Diagnostics.HttpQueuePerformanceCounters - Performance counters successfully initialized: instanceName=LoadBalancing_Steam
2023-05-23 15:49:49,323 [1] INFO  Photon.Common.Authentication.Diagnostic.CustomAuthResultCounters - Performance counters successfully initialized: instanceName=LoadBalancing_Viveport
2023-05-23 15:49:49,428 [1] INFO  Photon.SocketServer.Diagnostics.HttpQueuePerformanceCounters - Performance counters successfully initialized: instanceName=LoadBalancing_Viveport
2023-05-23 15:49:49,534 [1] INFO  Photon.SocketServer.ApplicationBase - Application start: AppId=NameServer; AppPath=C:\UnityProjects\pun2demo\Server\photon-server-sdk_v5-0-12-24499-rc1\deploy\NameServer, Type=Photon.NameServer.PhotonApp 
2023-05-23 15:49:49,534 [1] INFO  Photon.SocketServer.ApplicationBase - Using Server GC:True
2023-05-23 15:49:49,534 [1] INFO  Photon.SocketServer.ApplicationBase - Using GC LatencyMode:Interactive
2023-05-23 16:41:01,725 [1] INFO  Photon.SocketServer.ApplicationBase - Application is stopping: AppId=NameServer
2023-05-23 16:41:01,730 [1] INFO  Photon.SocketServer.ApplicationBase - Application stop: AppId=NameServer
2023-05-23 16:42:07,572 [1] INFO  Photon.NameServer.PhotonApp - Initializing ...
2023-05-23 16:42:07,579 [1] INFO  Photon.NameServer.PhotonApp - ServicePointManager.DefaultConnectionLimit=2147483647
2023-05-23 16:42:07,584 [1] INFO  Photon.NameServer.PhotonApp - TokenCreator initialized with an expiration of 00:30:00
2023-05-23 16:42:07,981 [1] INFO  Photon.Common.Authentication.Diagnostic.CustomAuthResultCounters - Performance counters successfully initialized: instanceName=LoadBalancing_Custom
2023-05-23 16:42:08,095 [1] INFO  Photon.SocketServer.Diagnostics.HttpQueuePerformanceCounters - Performance counters successfully initialized: instanceName=_Total
2023-05-23 16:42:08,200 [1] INFO  Photon.SocketServer.Diagnostics.HttpQueuePerformanceCounters - Performance counters successfully initialized: instanceName=LoadBalancing_Custom
2023-05-23 16:42:08,308 [1] INFO  Photon.Common.Authentication.Diagnostic.CustomAuthResultCounters - Performance counters successfully initialized: instanceName=LoadBalancing_Facebook
2023-05-23 16:42:08,412 [1] INFO  Photon.SocketServer.Diagnostics.HttpQueuePerformanceCounters - Performance counters successfully initialized: instanceName=LoadBalancing_Facebook
2023-05-23 16:42:08,518 [1] INFO  Photon.Common.Authentication.Diagnostic.CustomAuthResultCounters - Performance counters successfully initialized: instanceName=LoadBalancing_Oculus
2023-05-23 16:42:08,624 [1] INFO  Photon.SocketServer.Diagnostics.HttpQueuePerformanceCounters - Performance counters successfully initialized: instanceName=LoadBalancing_Oculus
2023-05-23 16:42:08,729 [1] INFO  Photon.Common.Authentication.Diagnostic.CustomAuthResultCounters - Performance counters successfully initialized: instanceName=LoadBalancing_Steam
2023-05-23 16:42:08,834 [1] INFO  Photon.SocketServer.Diagnostics.HttpQueuePerformanceCounters - Performance counters successfully initialized: instanceName=LoadBalancing_Steam
2023-05-23 16:42:08,939 [1] INFO  Photon.Common.Authentication.Diagnostic.CustomAuthResultCounters - Performance counters successfully initialized: instanceName=LoadBalancing_Viveport
2023-05-23 16:42:09,044 [1] INFO  Photon.SocketServer.Diagnostics.HttpQueuePerformanceCounters - Performance counters successfully initialized: instanceName=LoadBalancing_Viveport
2023-05-23 16:42:09,149 [1] INFO  Photon.SocketServer.ApplicationBase - Application start: AppId=NameServer; AppPath=C:\UnityProjects\pun2demo\Server\photon-server-sdk_v5-0-12-24499-rc1\deploy\NameServer, Type=Photon.NameServer.PhotonApp 
2023-05-23 16:42:09,149 [1] INFO  Photon.SocketServer.ApplicationBase - Using Server GC:True
2023-05-23 16:42:09,149 [1] INFO  Photon.SocketServer.ApplicationBase - Using GC LatencyMode:Interactive
2023-05-23 17:54:02,341 [1] INFO  Photon.SocketServer.ApplicationBase - Application is stopping: AppId=NameServer
2023-05-23 17:54:02,346 [1] INFO  Photon.SocketServer.ApplicationBase - Application stop: AppId=NameServer
2023-05-29 10:00:25,967 [1] INFO  Photon.NameServer.PhotonApp - Initializing ...
2023-05-29 10:00:25,975 [1] INFO  Photon.NameServer.PhotonApp - ServicePointManager.DefaultConnectionLimit=2147483647
2023-05-29 10:00:25,981 [1] INFO  Photon.NameServer.PhotonApp - TokenCreator initialized with an expiration of 00:30:00
2023-05-29 10:00:26,412 [1] INFO  Photon.Common.Authentication.Diagnostic.CustomAuthResultCounters - Performance counters successfully initialized: instanceName=LoadBalancing_Custom
2023-05-29 10:00:26,521 [1] INFO  Photon.SocketServer.Diagnostics.HttpQueuePerformanceCounters - Performance counters successfully initialized: instanceName=_Total
2023-05-29 10:00:26,626 [1] INFO  Photon.SocketServer.Diagnostics.HttpQueuePerformanceCounters - Performance counters successfully initialized: instanceName=LoadBalancing_Custom
2023-05-29 10:00:26,733 [1] INFO  Photon.Common.Authentication.Diagnostic.CustomAuthResultCounters - Performance counters successfully initialized: instanceName=LoadBalancing_Facebook
2023-05-29 10:00:26,837 [1] INFO  Photon.SocketServer.Diagnostics.HttpQueuePerformanceCounters - Performance counters successfully initialized: instanceName=LoadBalancing_Facebook
2023-05-29 10:00:26,942 [1] INFO  Photon.Common.Authentication.Diagnostic.CustomAuthResultCounters - Performance counters successfully initialized: instanceName=LoadBalancing_Oculus
2023-05-29 10:00:27,047 [1] INFO  Photon.SocketServer.Diagnostics.HttpQueuePerformanceCounters - Performance counters successfully initialized: instanceName=LoadBalancing_Oculus
2023-05-29 10:00:27,152 [1] INFO  Photon.Common.Authentication.Diagnostic.CustomAuthResultCounters - Performance counters successfully initialized: instanceName=LoadBalancing_Steam
2023-05-29 10:00:27,257 [1] INFO  Photon.SocketServer.Diagnostics.HttpQueuePerformanceCounters - Performance counters successfully initialized: instanceName=LoadBalancing_Steam
2023-05-29 10:00:27,362 [1] INFO  Photon.Common.Authentication.Diagnostic.CustomAuthResultCounters - Performance counters successfully initialized: instanceName=LoadBalancing_Viveport
2023-05-29 10:00:27,467 [1] INFO  Photon.SocketServer.Diagnostics.HttpQueuePerformanceCounters - Performance counters successfully initialized: instanceName=LoadBalancing_Viveport
2023-05-29 10:00:27,573 [1] INFO  Photon.SocketServer.ApplicationBase - Application start: AppId=NameServer; AppPath=C:\UnityProjects\pun2demo\Server\photon-server-sdk_v5-0-12-24499-rc1\deploy\NameServer, Type=Photon.NameServer.PhotonApp 
2023-05-29 10:00:27,573 [1] INFO  Photon.SocketServer.ApplicationBase - Using Server GC:True
2023-05-29 10:00:27,574 [1] INFO  Photon.SocketServer.ApplicationBase - Using GC LatencyMode:Interactive
2023-05-29 17:06:01,013 [1] INFO  Photon.SocketServer.ApplicationBase - Application is stopping: AppId=NameServer
2023-05-29 17:06:01,021 [1] INFO  Photon.SocketServer.ApplicationBase - Application stop: AppId=NameServer
2023-06-26 14:19:43,142 [1] INFO  Photon.NameServer.PhotonApp - Initializing ...
2023-06-26 14:19:43,149 [1] INFO  Photon.NameServer.PhotonApp - ServicePointManager.DefaultConnectionLimit=2147483647
2023-06-26 14:19:43,155 [1] INFO  Photon.NameServer.PhotonApp - TokenCreator initialized with an expiration of 00:30:00
2023-06-26 14:19:43,548 [1] INFO  Photon.Common.Authentication.Diagnostic.CustomAuthResultCounters - Performance counters successfully initialized: instanceName=LoadBalancing_Custom
2023-06-26 14:19:43,654 [1] INFO  Photon.SocketServer.Diagnostics.HttpQueuePerformanceCounters - Performance counters successfully initialized: instanceName=_Total
2023-06-26 14:19:43,759 [1] INFO  Photon.SocketServer.Diagnostics.HttpQueuePerformanceCounters - Performance counters successfully initialized: instanceName=LoadBalancing_Custom
2023-06-26 14:19:43,865 [1] INFO  Photon.Common.Authentication.Diagnostic.CustomAuthResultCounters - Performance counters successfully initialized: instanceName=LoadBalancing_Facebook
2023-06-26 14:19:43,969 [1] INFO  Photon.SocketServer.Diagnostics.HttpQueuePerformanceCounters - Performance counters successfully initialized: instanceName=LoadBalancing_Facebook
2023-06-26 14:19:44,074 [1] INFO  Photon.Common.Authentication.Diagnostic.CustomAuthResultCounters - Performance counters successfully initialized: instanceName=LoadBalancing_Oculus
2023-06-26 14:19:44,179 [1] INFO  Photon.SocketServer.Diagnostics.HttpQueuePerformanceCounters - Performance counters successfully initialized: instanceName=LoadBalancing_Oculus
2023-06-26 14:19:44,286 [1] INFO  Photon.Common.Authentication.Diagnostic.CustomAuthResultCounters - Performance counters successfully initialized: instanceName=LoadBalancing_Steam
2023-06-26 14:19:44,391 [1] INFO  Photon.SocketServer.Diagnostics.HttpQueuePerformanceCounters - Performance counters successfully initialized: instanceName=LoadBalancing_Steam
2023-06-26 14:19:44,497 [1] INFO  Photon.Common.Authentication.Diagnostic.CustomAuthResultCounters - Performance counters successfully initialized: instanceName=LoadBalancing_Viveport
2023-06-26 14:19:44,602 [1] INFO  Photon.SocketServer.Diagnostics.HttpQueuePerformanceCounters - Performance counters successfully initialized: instanceName=LoadBalancing_Viveport
2023-06-26 14:19:44,707 [1] INFO  Photon.SocketServer.ApplicationBase - Application start: AppId=NameServer; AppPath=C:\UnityProjects\RacingMultiplayer\Server\photon-server-sdk_v5-0-12-24499-rc1\deploy\NameServer, Type=Photon.NameServer.PhotonApp 
2023-06-26 14:19:44,707 [1] INFO  Photon.SocketServer.ApplicationBase - Using Server GC:True
2023-06-26 14:19:44,707 [1] INFO  Photon.SocketServer.ApplicationBase - Using GC LatencyMode:Interactive
